Determining if the pthread_create exist failed with the following output:
Change Dir: /home/mateia/gazebo_robots/project1/build/CMakeFiles/CMakeTmp

Run Build Command:"/usr/bin/make" "cmTC_72116/fast"
/usr/bin/make -f CMakeFiles/cmTC_72116.dir/build.make CMakeFiles/cmTC_72116.dir/build
make[1]: Entering directory '/home/mateia/gazebo_robots/project1/build/CMakeFiles/CMakeTmp'
Building C object CMakeFiles/cmTC_72116.dir/CheckSymbolExists.c.o
/usr/bin/cc    -o CMakeFiles/cmTC_72116.dir/CheckSymbolExists.c.o   -c /home/mateia/gazebo_robots/project1/build/CMakeFiles/CMakeTmp/CheckSymbolExists.c
Linking C executable cmTC_72116
/usr/bin/cmake -E cmake_link_script CMakeFiles/cmTC_72116.dir/link.txt --verbose=1
/usr/bin/cc      -rdynamic CMakeFiles/cmTC_72116.dir/CheckSymbolExists.c.o  -o cmTC_72116 
CMakeFiles/cmTC_72116.dir/CheckSymbolExists.c.o: In function `main':
CheckSymbolExists.c:(.text+0x1b): undefined reference to `pthread_create'
collect2: error: ld returned 1 exit status
CMakeFiles/cmTC_72116.dir/build.make:97: recipe for target 'cmTC_72116' failed
make[1]: *** [cmTC_72116] Error 1
make[1]: Leaving directory '/home/mateia/gazebo_robots/project1/build/CMakeFiles/CMakeTmp'
Makefile:126: recipe for target 'cmTC_72116/fast' failed
make: *** [cmTC_72116/fast] Error 2

File /home/mateia/gazebo_robots/project1/build/CMakeFiles/CMakeTmp/CheckSymbolExists.c:
/* */
#include <pthread.h>

int main(int argc, char** argv)
{
  (void)argv;
#ifndef pthread_create
  return ((int*)(&pthread_create))[argc];
#else
  (void)argc;
  return 0;
#endif
}

Determining if the function pthread_create exists in the pthreads failed with the following output:
Change Dir: /home/mateia/gazebo_robots/project1/build/CMakeFiles/CMakeTmp

Run Build Command:"/usr/bin/make" "cmTC_af7fd/fast"
/usr/bin/make -f CMakeFiles/cmTC_af7fd.dir/build.make CMakeFiles/cmTC_af7fd.dir/build
make[1]: Entering directory '/home/mateia/gazebo_robots/project1/build/CMakeFiles/CMakeTmp'
Building C object CMakeFiles/cmTC_af7fd.dir/CheckFunctionExists.c.o
/usr/bin/cc   -DCHECK_FUNCTION_EXISTS=pthread_create   -o CMakeFiles/cmTC_af7fd.dir/CheckFunctionExists.c.o   -c /usr/share/cmake-3.10/Modules/CheckFunctionExists.c
Linking C executable cmTC_af7fd
/usr/bin/cmake -E cmake_link_script CMakeFiles/cmTC_af7fd.dir/link.txt --verbose=1
/usr/bin/cc  -DCHECK_FUNCTION_EXISTS=pthread_create    -rdynamic CMakeFiles/cmTC_af7fd.dir/CheckFunctionExists.c.o  -o cmTC_af7fd -lpthreads 
/usr/bin/ld: cannot find -lpthreads
collect2: error: ld returned 1 exit status
CMakeFiles/cmTC_af7fd.dir/build.make:97: recipe for target 'cmTC_af7fd' failed
make[1]: *** [cmTC_af7fd] Error 1
make[1]: Leaving directory '/home/mateia/gazebo_robots/project1/build/CMakeFiles/CMakeTmp'
Makefile:126: recipe for target 'cmTC_af7fd/fast' failed
make: *** [cmTC_af7fd/fast] Error 2


